[2020-01-13 15:39:39,819] INFO Starting the log cleaner (kafka.log.LogCleaner)
[2020-01-13 15:39:39,903] INFO [kafka-log-cleaner-thread-0]: Starting (kafka.log.LogCleaner)
[2020-01-16 09:58:36,096] INFO Starting the log cleaner (kafka.log.LogCleaner)
[2020-01-16 09:58:36,217] INFO [kafka-log-cleaner-thread-0]: Starting (kafka.log.LogCleaner)
[2020-01-20 11:39:04,101] INFO Starting the log cleaner (kafka.log.LogCleaner)
[2020-01-20 11:39:04,191] INFO [kafka-log-cleaner-thread-0]: Starting (kafka.log.LogCleaner)
[2020-01-27 11:19:40,195] INFO Starting the log cleaner (kafka.log.LogCleaner)
[2020-01-27 11:19:40,292] INFO [kafka-log-cleaner-thread-0]: Starting (kafka.log.LogCleaner)
[2020-01-27 11:29:13,558] INFO Starting the log cleaner (kafka.log.LogCleaner)
[2020-01-27 11:29:13,653] INFO [kafka-log-cleaner-thread-0]: Starting (kafka.log.LogCleaner)
[2020-01-27 11:31:52,397] INFO Starting the log cleaner (kafka.log.LogCleaner)
[2020-01-27 11:31:52,480] INFO [kafka-log-cleaner-thread-0]: Starting (kafka.log.LogCleaner)
[2020-01-27 12:14:03,320] INFO Starting the log cleaner (kafka.log.LogCleaner)
[2020-01-27 12:14:03,415] INFO [kafka-log-cleaner-thread-0]: Starting (kafka.log.LogCleaner)
[2020-01-27 12:16:26,086] INFO Starting the log cleaner (kafka.log.LogCleaner)
[2020-01-27 12:16:26,184] INFO [kafka-log-cleaner-thread-0]: Starting (kafka.log.LogCleaner)
[2020-01-27 12:18:10,264] INFO Starting the log cleaner (kafka.log.LogCleaner)
[2020-01-27 12:18:10,384] INFO [kafka-log-cleaner-thread-0]: Starting (kafka.log.LogCleaner)
[2020-01-27 12:28:25,578] INFO Cleaner 0: Beginning cleaning of log __consumer_offsets-12. (kafka.log.LogCleaner)
[2020-01-27 12:28:25,580] INFO Cleaner 0: Building offset map for __consumer_offsets-12... (kafka.log.LogCleaner)
[2020-01-27 12:28:25,615] INFO Cleaner 0: Building offset map for log __consumer_offsets-12 for 1 segments in offset range [0, 152). (kafka.log.LogCleaner)
[2020-01-27 12:28:25,918] INFO Cleaner 0: Offset map for log __consumer_offsets-12 complete. (kafka.log.LogCleaner)
[2020-01-27 12:28:25,920] INFO Cleaner 0: Cleaning log __consumer_offsets-12 (cleaning prior to Mon Jan 20 12:18:19 IST 2020, discarding tombstones prior to Thu Jan 01 05:30:00 IST 1970)... (kafka.log.LogCleaner)
[2020-01-27 12:28:25,930] INFO Cleaner 0: Cleaning LogSegment(baseOffset=0, size=14681, lastModifiedTime=1579502899427, largestTime=1579502899426) in log __consumer_offsets-12 into 0 with deletion horizon 0, retaining deletes. (kafka.log.LogCleaner)
[2020-01-27 12:28:26,054] INFO Cleaner 0: Swapping in cleaned segment LogSegment(baseOffset=0, size=408, lastModifiedTime=1579502899427, largestTime=1579502899426) for segment(s) List(LogSegment(baseOffset=0, size=14681, lastModifiedTime=1579502899427, largestTime=1579502899426)) in log Log(dir=E:\krishna\kafka\kafka_2.12-2.4.0\data\kafka\__consumer_offsets-12, topic=__consumer_offsets, partition=12, highWatermark=156, lastStableOffset=156, logStartOffset=0, logEndOffset=156) (kafka.log.LogCleaner)
[2020-01-27 12:28:26,165] INFO Cleaner 0: Beginning cleaning of log __consumer_offsets-12. (kafka.log.LogCleaner)
[2020-01-27 12:28:26,165] INFO Cleaner 0: Building offset map for __consumer_offsets-12... (kafka.log.LogCleaner)
[2020-01-27 12:28:26,249] INFO Cleaner 0: Building offset map for log __consumer_offsets-12 for 1 segments in offset range [0, 152). (kafka.log.LogCleaner)
[2020-01-27 15:00:55,206] INFO Starting the log cleaner (kafka.log.LogCleaner)
[2020-01-27 15:00:55,319] INFO [kafka-log-cleaner-thread-0]: Starting (kafka.log.LogCleaner)
[2020-01-27 15:00:55,350] INFO Cleaner 0: Beginning cleaning of log __consumer_offsets-12. (kafka.log.LogCleaner)
[2020-01-27 15:00:55,351] INFO Cleaner 0: Building offset map for __consumer_offsets-12... (kafka.log.LogCleaner)
[2020-01-27 15:00:55,379] INFO Cleaner 0: Building offset map for log __consumer_offsets-12 for 1 segments in offset range [0, 152). (kafka.log.LogCleaner)
[2020-01-27 15:00:55,416] INFO Cleaner 0: Offset map for log __consumer_offsets-12 complete. (kafka.log.LogCleaner)
[2020-01-27 15:00:55,422] INFO Cleaner 0: Cleaning log __consumer_offsets-12 (cleaning prior to Mon Jan 20 12:18:19 IST 2020, discarding tombstones prior to Thu Jan 01 05:30:00 IST 1970)... (kafka.log.LogCleaner)
[2020-01-27 15:00:55,428] INFO Cleaner 0: Cleaning LogSegment(baseOffset=0, size=14681, lastModifiedTime=1579502899427, largestTime=1579502899426) in log __consumer_offsets-12 into 0 with deletion horizon 0, retaining deletes. (kafka.log.LogCleaner)
[2020-01-27 15:00:55,573] INFO Cleaner 0: Swapping in cleaned segment LogSegment(baseOffset=0, size=408, lastModifiedTime=1579502899427, largestTime=1579502899426) for segment(s) List(LogSegment(baseOffset=0, size=14681, lastModifiedTime=1579502899427, largestTime=1579502899426)) in log Log(dir=E:\krishna\kafka\kafka_2.12-2.4.0\data\kafka\__consumer_offsets-12, topic=__consumer_offsets, partition=12, highWatermark=0, lastStableOffset=0, logStartOffset=0, logEndOffset=156) (kafka.log.LogCleaner)
[2020-01-27 15:00:55,691] INFO Cleaner 0: Beginning cleaning of log __consumer_offsets-12. (kafka.log.LogCleaner)
[2020-01-27 15:00:55,692] INFO Cleaner 0: Building offset map for __consumer_offsets-12... (kafka.log.LogCleaner)
[2020-01-27 15:00:55,732] INFO Cleaner 0: Building offset map for log __consumer_offsets-12 for 1 segments in offset range [0, 152). (kafka.log.LogCleaner)
[2020-01-27 15:00:55,737] INFO Cleaner 0: Offset map for log __consumer_offsets-12 complete. (kafka.log.LogCleaner)
[2020-01-27 15:00:55,737] INFO Cleaner 0: Cleaning log __consumer_offsets-12 (cleaning prior to Mon Jan 20 12:18:19 IST 2020, discarding tombstones prior to Thu Jan 01 05:30:00 IST 1970)... (kafka.log.LogCleaner)
[2020-01-27 15:00:55,902] INFO Cleaner 0: Beginning cleaning of log __consumer_offsets-12. (kafka.log.LogCleaner)
[2020-01-27 15:00:55,902] INFO Cleaner 0: Building offset map for __consumer_offsets-12... (kafka.log.LogCleaner)
[2020-01-27 15:00:55,934] INFO Cleaner 0: Building offset map for log __consumer_offsets-12 for 1 segments in offset range [0, 152). (kafka.log.LogCleaner)
[2020-01-27 15:00:55,941] INFO Cleaner 0: Offset map for log __consumer_offsets-12 complete. (kafka.log.LogCleaner)
[2020-01-27 15:00:55,942] INFO Cleaner 0: Cleaning log __consumer_offsets-12 (cleaning prior to Mon Jan 20 12:18:19 IST 2020, discarding tombstones prior to Thu Jan 01 05:30:00 IST 1970)... (kafka.log.LogCleaner)
[2020-01-27 15:01:36,596] INFO Starting the log cleaner (kafka.log.LogCleaner)
[2020-01-27 15:01:36,675] INFO [kafka-log-cleaner-thread-0]: Starting (kafka.log.LogCleaner)
[2020-01-27 15:01:36,726] INFO Cleaner 0: Beginning cleaning of log __consumer_offsets-12. (kafka.log.LogCleaner)
[2020-01-27 15:01:36,726] INFO Cleaner 0: Building offset map for __consumer_offsets-12... (kafka.log.LogCleaner)
[2020-01-27 15:01:36,752] INFO Cleaner 0: Building offset map for log __consumer_offsets-12 for 1 segments in offset range [0, 152). (kafka.log.LogCleaner)
[2020-01-27 15:01:36,789] INFO Cleaner 0: Offset map for log __consumer_offsets-12 complete. (kafka.log.LogCleaner)
[2020-01-27 15:01:36,794] INFO Cleaner 0: Cleaning log __consumer_offsets-12 (cleaning prior to Mon Jan 20 12:18:19 IST 2020, discarding tombstones prior to Thu Jan 01 05:30:00 IST 1970)... (kafka.log.LogCleaner)
[2020-01-27 15:01:36,800] INFO Cleaner 0: Cleaning LogSegment(baseOffset=0, size=14681, lastModifiedTime=1579502899427, largestTime=1579502899426) in log __consumer_offsets-12 into 0 with deletion horizon 0, retaining deletes. (kafka.log.LogCleaner)
[2020-01-27 15:01:36,966] INFO Cleaner 0: Swapping in cleaned segment LogSegment(baseOffset=0, size=408, lastModifiedTime=1579502899427, largestTime=1579502899426) for segment(s) List(LogSegment(baseOffset=0, size=14681, lastModifiedTime=1579502899427, largestTime=1579502899426)) in log Log(dir=E:\krishna\kafka\kafka_2.12-2.4.0\data\kafka\__consumer_offsets-12, topic=__consumer_offsets, partition=12, highWatermark=0, lastStableOffset=0, logStartOffset=0, logEndOffset=156) (kafka.log.LogCleaner)
[2020-01-27 15:01:37,081] INFO Cleaner 0: Beginning cleaning of log __consumer_offsets-12. (kafka.log.LogCleaner)
[2020-01-27 15:01:37,082] INFO Cleaner 0: Building offset map for __consumer_offsets-12... (kafka.log.LogCleaner)
[2020-01-27 15:01:37,108] INFO Cleaner 0: Building offset map for log __consumer_offsets-12 for 1 segments in offset range [0, 152). (kafka.log.LogCleaner)
[2020-01-27 15:01:37,113] INFO Cleaner 0: Offset map for log __consumer_offsets-12 complete. (kafka.log.LogCleaner)
[2020-01-27 15:01:37,113] INFO Cleaner 0: Cleaning log __consumer_offsets-12 (cleaning prior to Mon Jan 20 12:18:19 IST 2020, discarding tombstones prior to Thu Jan 01 05:30:00 IST 1970)... (kafka.log.LogCleaner)
[2020-01-27 15:01:37,204] INFO Cleaner 0: Beginning cleaning of log __consumer_offsets-12. (kafka.log.LogCleaner)
[2020-01-27 15:01:37,204] INFO Cleaner 0: Building offset map for __consumer_offsets-12... (kafka.log.LogCleaner)
[2020-01-27 15:01:37,237] INFO Cleaner 0: Building offset map for log __consumer_offsets-12 for 1 segments in offset range [0, 152). (kafka.log.LogCleaner)
[2020-01-27 15:01:37,247] INFO Cleaner 0: Offset map for log __consumer_offsets-12 complete. (kafka.log.LogCleaner)
[2020-01-27 15:01:37,248] INFO Cleaner 0: Cleaning log __consumer_offsets-12 (cleaning prior to Mon Jan 20 12:18:19 IST 2020, discarding tombstones prior to Thu Jan 01 05:30:00 IST 1970)... (kafka.log.LogCleaner)
[2020-01-27 15:03:33,262] INFO Starting the log cleaner (kafka.log.LogCleaner)
[2020-01-27 15:03:33,340] INFO [kafka-log-cleaner-thread-0]: Starting (kafka.log.LogCleaner)
[2020-01-27 15:03:33,387] INFO Cleaner 0: Beginning cleaning of log __consumer_offsets-12. (kafka.log.LogCleaner)
[2020-01-27 15:03:33,387] INFO Cleaner 0: Building offset map for __consumer_offsets-12... (kafka.log.LogCleaner)
[2020-01-27 15:03:33,403] INFO Cleaner 0: Building offset map for log __consumer_offsets-12 for 1 segments in offset range [0, 152). (kafka.log.LogCleaner)
[2020-01-27 15:03:33,453] INFO Cleaner 0: Offset map for log __consumer_offsets-12 complete. (kafka.log.LogCleaner)
[2020-01-27 15:03:33,458] INFO Cleaner 0: Cleaning log __consumer_offsets-12 (cleaning prior to Mon Jan 20 12:18:19 IST 2020, discarding tombstones prior to Thu Jan 01 05:30:00 IST 1970)... (kafka.log.LogCleaner)
[2020-01-27 15:03:33,464] INFO Cleaner 0: Cleaning LogSegment(baseOffset=0, size=14681, lastModifiedTime=1579502899427, largestTime=1579502899426) in log __consumer_offsets-12 into 0 with deletion horizon 0, retaining deletes. (kafka.log.LogCleaner)
[2020-01-27 15:03:33,685] INFO Cleaner 0: Swapping in cleaned segment LogSegment(baseOffset=0, size=408, lastModifiedTime=1579502899427, largestTime=1579502899426) for segment(s) List(LogSegment(baseOffset=0, size=14681, lastModifiedTime=1579502899427, largestTime=1579502899426)) in log Log(dir=E:\krishna\kafka\kafka_2.12-2.4.0\data\kafka\__consumer_offsets-12, topic=__consumer_offsets, partition=12, highWatermark=0, lastStableOffset=0, logStartOffset=0, logEndOffset=156) (kafka.log.LogCleaner)
[2020-01-27 15:03:33,795] INFO Cleaner 0: Beginning cleaning of log __consumer_offsets-12. (kafka.log.LogCleaner)
[2020-01-27 15:03:33,795] INFO Cleaner 0: Building offset map for __consumer_offsets-12... (kafka.log.LogCleaner)
[2020-01-27 15:03:33,825] INFO Cleaner 0: Building offset map for log __consumer_offsets-12 for 1 segments in offset range [0, 152). (kafka.log.LogCleaner)
[2020-01-27 15:03:33,830] INFO Cleaner 0: Offset map for log __consumer_offsets-12 complete. (kafka.log.LogCleaner)
[2020-01-27 15:03:33,831] INFO Cleaner 0: Cleaning log __consumer_offsets-12 (cleaning prior to Mon Jan 20 12:18:19 IST 2020, discarding tombstones prior to Thu Jan 01 05:30:00 IST 1970)... (kafka.log.LogCleaner)
[2020-01-27 15:03:33,925] INFO Cleaner 0: Beginning cleaning of log __consumer_offsets-12. (kafka.log.LogCleaner)
[2020-01-27 15:03:33,925] INFO Cleaner 0: Building offset map for __consumer_offsets-12... (kafka.log.LogCleaner)
[2020-01-27 15:03:33,954] INFO Cleaner 0: Building offset map for log __consumer_offsets-12 for 1 segments in offset range [0, 152). (kafka.log.LogCleaner)
[2020-01-27 15:03:33,962] INFO Cleaner 0: Offset map for log __consumer_offsets-12 complete. (kafka.log.LogCleaner)
[2020-01-27 15:03:33,962] INFO Cleaner 0: Cleaning log __consumer_offsets-12 (cleaning prior to Mon Jan 20 12:18:19 IST 2020, discarding tombstones prior to Thu Jan 01 05:30:00 IST 1970)... (kafka.log.LogCleaner)
[2020-01-27 15:06:03,833] INFO Starting the log cleaner (kafka.log.LogCleaner)
[2020-01-27 15:06:03,919] INFO [kafka-log-cleaner-thread-0]: Starting (kafka.log.LogCleaner)
[2020-01-27 15:06:03,966] INFO Cleaner 0: Beginning cleaning of log __consumer_offsets-12. (kafka.log.LogCleaner)
[2020-01-27 15:06:03,967] INFO Cleaner 0: Building offset map for __consumer_offsets-12... (kafka.log.LogCleaner)
[2020-01-27 15:06:03,991] INFO Cleaner 0: Building offset map for log __consumer_offsets-12 for 1 segments in offset range [0, 152). (kafka.log.LogCleaner)
[2020-01-27 15:06:04,031] INFO Cleaner 0: Offset map for log __consumer_offsets-12 complete. (kafka.log.LogCleaner)
[2020-01-27 15:06:04,037] INFO Cleaner 0: Cleaning log __consumer_offsets-12 (cleaning prior to Mon Jan 20 12:18:19 IST 2020, discarding tombstones prior to Thu Jan 01 05:30:00 IST 1970)... (kafka.log.LogCleaner)
[2020-01-27 15:06:04,043] INFO Cleaner 0: Cleaning LogSegment(baseOffset=0, size=14681, lastModifiedTime=1579502899427, largestTime=1579502899426) in log __consumer_offsets-12 into 0 with deletion horizon 0, retaining deletes. (kafka.log.LogCleaner)
[2020-01-27 15:06:04,145] INFO Cleaner 0: Swapping in cleaned segment LogSegment(baseOffset=0, size=408, lastModifiedTime=1579502899427, largestTime=1579502899426) for segment(s) List(LogSegment(baseOffset=0, size=14681, lastModifiedTime=1579502899427, largestTime=1579502899426)) in log Log(dir=E:\krishna\kafka\kafka_2.12-2.4.0\data\kafka\__consumer_offsets-12, topic=__consumer_offsets, partition=12, highWatermark=0, lastStableOffset=0, logStartOffset=0, logEndOffset=156) (kafka.log.LogCleaner)
[2020-01-27 15:06:04,329] INFO Cleaner 0: Beginning cleaning of log __consumer_offsets-12. (kafka.log.LogCleaner)
[2020-01-27 15:06:04,329] INFO Cleaner 0: Building offset map for __consumer_offsets-12... (kafka.log.LogCleaner)
[2020-01-27 15:06:04,365] INFO Cleaner 0: Building offset map for log __consumer_offsets-12 for 1 segments in offset range [0, 152). (kafka.log.LogCleaner)
[2020-01-27 15:06:04,379] INFO Cleaner 0: Offset map for log __consumer_offsets-12 complete. (kafka.log.LogCleaner)
[2020-01-27 15:06:04,379] INFO Cleaner 0: Cleaning log __consumer_offsets-12 (cleaning prior to Mon Jan 20 12:18:19 IST 2020, discarding tombstones prior to Thu Jan 01 05:30:00 IST 1970)... (kafka.log.LogCleaner)
[2020-01-27 15:06:04,452] INFO Cleaner 0: Beginning cleaning of log __consumer_offsets-12. (kafka.log.LogCleaner)
[2020-01-27 15:06:04,452] INFO Cleaner 0: Building offset map for __consumer_offsets-12... (kafka.log.LogCleaner)
[2020-01-27 15:06:04,480] INFO Cleaner 0: Building offset map for log __consumer_offsets-12 for 1 segments in offset range [0, 152). (kafka.log.LogCleaner)
[2020-01-27 15:06:04,498] INFO Cleaner 0: Offset map for log __consumer_offsets-12 complete. (kafka.log.LogCleaner)
[2020-01-27 15:06:04,498] INFO Cleaner 0: Cleaning log __consumer_offsets-12 (cleaning prior to Mon Jan 20 12:18:19 IST 2020, discarding tombstones prior to Thu Jan 01 05:30:00 IST 1970)... (kafka.log.LogCleaner)
[2020-01-27 15:09:10,035] INFO Starting the log cleaner (kafka.log.LogCleaner)
[2020-01-27 15:09:10,156] INFO [kafka-log-cleaner-thread-0]: Starting (kafka.log.LogCleaner)
[2020-01-27 15:09:10,264] INFO Cleaner 0: Beginning cleaning of log __consumer_offsets-12. (kafka.log.LogCleaner)
[2020-01-27 15:09:10,264] INFO Cleaner 0: Building offset map for __consumer_offsets-12... (kafka.log.LogCleaner)
[2020-01-27 15:09:10,313] INFO Cleaner 0: Building offset map for log __consumer_offsets-12 for 1 segments in offset range [0, 152). (kafka.log.LogCleaner)
[2020-01-27 15:09:10,399] INFO Cleaner 0: Offset map for log __consumer_offsets-12 complete. (kafka.log.LogCleaner)
[2020-01-27 15:09:10,407] INFO Cleaner 0: Cleaning log __consumer_offsets-12 (cleaning prior to Mon Jan 20 12:18:19 IST 2020, discarding tombstones prior to Thu Jan 01 05:30:00 IST 1970)... (kafka.log.LogCleaner)
[2020-01-27 15:09:10,416] INFO Cleaner 0: Cleaning LogSegment(baseOffset=0, size=14681, lastModifiedTime=1579502899427, largestTime=1579502899426) in log __consumer_offsets-12 into 0 with deletion horizon 0, retaining deletes. (kafka.log.LogCleaner)
[2020-01-27 15:09:10,528] INFO Cleaner 0: Swapping in cleaned segment LogSegment(baseOffset=0, size=408, lastModifiedTime=1579502899427, largestTime=1579502899426) for segment(s) List(LogSegment(baseOffset=0, size=14681, lastModifiedTime=1579502899427, largestTime=1579502899426)) in log Log(dir=E:\krishna\kafka\kafka_2.12-2.4.0\data\kafka\__consumer_offsets-12, topic=__consumer_offsets, partition=12, highWatermark=0, lastStableOffset=0, logStartOffset=0, logEndOffset=156) (kafka.log.LogCleaner)
[2020-01-27 15:09:10,641] INFO Cleaner 0: Beginning cleaning of log __consumer_offsets-12. (kafka.log.LogCleaner)
[2020-01-27 15:09:10,641] INFO Cleaner 0: Building offset map for __consumer_offsets-12... (kafka.log.LogCleaner)
[2020-01-27 15:09:10,688] INFO Cleaner 0: Building offset map for log __consumer_offsets-12 for 1 segments in offset range [0, 152). (kafka.log.LogCleaner)
[2020-01-27 15:09:10,695] INFO Cleaner 0: Offset map for log __consumer_offsets-12 complete. (kafka.log.LogCleaner)
[2020-01-27 15:09:10,695] INFO Cleaner 0: Cleaning log __consumer_offsets-12 (cleaning prior to Mon Jan 20 12:18:19 IST 2020, discarding tombstones prior to Thu Jan 01 05:30:00 IST 1970)... (kafka.log.LogCleaner)
[2020-01-27 15:09:10,879] INFO Cleaner 0: Beginning cleaning of log __consumer_offsets-12. (kafka.log.LogCleaner)
[2020-01-27 15:09:10,880] INFO Cleaner 0: Building offset map for __consumer_offsets-12... (kafka.log.LogCleaner)
[2020-01-27 15:09:10,920] INFO Cleaner 0: Building offset map for log __consumer_offsets-12 for 1 segments in offset range [0, 152). (kafka.log.LogCleaner)
[2020-01-27 15:09:10,935] INFO Cleaner 0: Offset map for log __consumer_offsets-12 complete. (kafka.log.LogCleaner)
[2020-01-27 15:09:10,935] INFO Cleaner 0: Cleaning log __consumer_offsets-12 (cleaning prior to Mon Jan 20 12:18:19 IST 2020, discarding tombstones prior to Thu Jan 01 05:30:00 IST 1970)... (kafka.log.LogCleaner)
[2020-01-27 15:12:17,597] INFO Starting the log cleaner (kafka.log.LogCleaner)
[2020-01-27 15:12:17,680] INFO [kafka-log-cleaner-thread-0]: Starting (kafka.log.LogCleaner)
[2020-01-27 15:12:17,728] INFO Cleaner 0: Beginning cleaning of log __consumer_offsets-12. (kafka.log.LogCleaner)
[2020-01-27 15:12:17,729] INFO Cleaner 0: Building offset map for __consumer_offsets-12... (kafka.log.LogCleaner)
[2020-01-27 15:12:17,752] INFO Cleaner 0: Building offset map for log __consumer_offsets-12 for 1 segments in offset range [0, 152). (kafka.log.LogCleaner)
[2020-01-27 15:12:17,789] INFO Cleaner 0: Offset map for log __consumer_offsets-12 complete. (kafka.log.LogCleaner)
[2020-01-27 15:12:17,794] INFO Cleaner 0: Cleaning log __consumer_offsets-12 (cleaning prior to Mon Jan 20 12:18:19 IST 2020, discarding tombstones prior to Thu Jan 01 05:30:00 IST 1970)... (kafka.log.LogCleaner)
[2020-01-27 15:12:17,799] INFO Cleaner 0: Cleaning LogSegment(baseOffset=0, size=14681, lastModifiedTime=1579502899427, largestTime=1579502899426) in log __consumer_offsets-12 into 0 with deletion horizon 0, retaining deletes. (kafka.log.LogCleaner)
[2020-01-27 15:12:17,994] INFO Cleaner 0: Swapping in cleaned segment LogSegment(baseOffset=0, size=408, lastModifiedTime=1579502899427, largestTime=1579502899426) for segment(s) List(LogSegment(baseOffset=0, size=14681, lastModifiedTime=1579502899427, largestTime=1579502899426)) in log Log(dir=E:\krishna\kafka\kafka_2.12-2.4.0\data\kafka\__consumer_offsets-12, topic=__consumer_offsets, partition=12, highWatermark=0, lastStableOffset=0, logStartOffset=0, logEndOffset=156) (kafka.log.LogCleaner)
[2020-01-27 15:12:18,117] INFO Cleaner 0: Beginning cleaning of log __consumer_offsets-12. (kafka.log.LogCleaner)
[2020-01-27 15:12:18,117] INFO Cleaner 0: Building offset map for __consumer_offsets-12... (kafka.log.LogCleaner)
[2020-01-27 15:12:18,153] INFO Cleaner 0: Building offset map for log __consumer_offsets-12 for 1 segments in offset range [0, 152). (kafka.log.LogCleaner)
[2020-01-27 15:12:18,163] INFO Cleaner 0: Offset map for log __consumer_offsets-12 complete. (kafka.log.LogCleaner)
[2020-01-27 15:12:18,164] INFO Cleaner 0: Cleaning log __consumer_offsets-12 (cleaning prior to Mon Jan 20 12:18:19 IST 2020, discarding tombstones prior to Thu Jan 01 05:30:00 IST 1970)... (kafka.log.LogCleaner)
[2020-01-27 15:12:18,237] INFO Cleaner 0: Beginning cleaning of log __consumer_offsets-12. (kafka.log.LogCleaner)
[2020-01-27 15:12:18,237] INFO Cleaner 0: Building offset map for __consumer_offsets-12... (kafka.log.LogCleaner)
[2020-01-27 15:12:18,267] INFO Cleaner 0: Building offset map for log __consumer_offsets-12 for 1 segments in offset range [0, 152). (kafka.log.LogCleaner)
[2020-01-27 15:12:18,277] INFO Cleaner 0: Offset map for log __consumer_offsets-12 complete. (kafka.log.LogCleaner)
[2020-01-27 15:12:18,278] INFO Cleaner 0: Cleaning log __consumer_offsets-12 (cleaning prior to Mon Jan 20 12:18:19 IST 2020, discarding tombstones prior to Thu Jan 01 05:30:00 IST 1970)... (kafka.log.LogCleaner)
[2020-01-27 15:45:30,587] INFO Starting the log cleaner (kafka.log.LogCleaner)
[2020-01-27 15:45:30,744] INFO [kafka-log-cleaner-thread-0]: Starting (kafka.log.LogCleaner)
[2020-01-27 15:45:30,822] INFO Cleaner 0: Beginning cleaning of log __consumer_offsets-12. (kafka.log.LogCleaner)
[2020-01-27 15:45:30,822] INFO Cleaner 0: Building offset map for __consumer_offsets-12... (kafka.log.LogCleaner)
[2020-01-27 15:45:30,857] INFO Cleaner 0: Building offset map for log __consumer_offsets-12 for 1 segments in offset range [0, 152). (kafka.log.LogCleaner)
[2020-01-27 15:45:31,226] INFO Cleaner 0: Offset map for log __consumer_offsets-12 complete. (kafka.log.LogCleaner)
[2020-01-27 15:45:31,242] INFO Cleaner 0: Cleaning log __consumer_offsets-12 (cleaning prior to Mon Jan 20 12:18:19 IST 2020, discarding tombstones prior to Thu Jan 01 05:30:00 IST 1970)... (kafka.log.LogCleaner)
[2020-01-27 15:45:31,257] INFO Cleaner 0: Cleaning LogSegment(baseOffset=0, size=14681, lastModifiedTime=1579502899427, largestTime=1579502899426) in log __consumer_offsets-12 into 0 with deletion horizon 0, retaining deletes. (kafka.log.LogCleaner)
[2020-01-27 15:45:31,435] INFO Cleaner 0: Swapping in cleaned segment LogSegment(baseOffset=0, size=408, lastModifiedTime=1579502899427, largestTime=1579502899426) for segment(s) List(LogSegment(baseOffset=0, size=14681, lastModifiedTime=1579502899427, largestTime=1579502899426)) in log Log(dir=E:\krishna\kafka\kafka_2.12-2.4.0\data\kafka\__consumer_offsets-12, topic=__consumer_offsets, partition=12, highWatermark=0, lastStableOffset=0, logStartOffset=0, logEndOffset=156) (kafka.log.LogCleaner)
[2020-01-27 15:45:31,591] INFO Cleaner 0: Beginning cleaning of log __consumer_offsets-12. (kafka.log.LogCleaner)
[2020-01-27 15:45:31,591] INFO Cleaner 0: Building offset map for __consumer_offsets-12... (kafka.log.LogCleaner)
[2020-01-27 15:45:31,606] INFO Cleaner 0: Building offset map for log __consumer_offsets-12 for 1 segments in offset range [0, 152). (kafka.log.LogCleaner)
[2020-01-27 15:45:31,622] INFO Cleaner 0: Offset map for log __consumer_offsets-12 complete. (kafka.log.LogCleaner)
[2020-01-27 15:45:31,622] INFO Cleaner 0: Cleaning log __consumer_offsets-12 (cleaning prior to Mon Jan 20 12:18:19 IST 2020, discarding tombstones prior to Thu Jan 01 05:30:00 IST 1970)... (kafka.log.LogCleaner)
[2020-01-27 15:45:31,763] INFO Cleaner 0: Beginning cleaning of log __consumer_offsets-12. (kafka.log.LogCleaner)
[2020-01-27 15:45:31,763] INFO Cleaner 0: Building offset map for __consumer_offsets-12... (kafka.log.LogCleaner)
[2020-01-27 15:45:31,778] INFO Cleaner 0: Building offset map for log __consumer_offsets-12 for 1 segments in offset range [0, 152). (kafka.log.LogCleaner)
[2020-01-27 15:45:31,778] INFO Cleaner 0: Offset map for log __consumer_offsets-12 complete. (kafka.log.LogCleaner)
[2020-01-27 15:45:31,778] INFO Cleaner 0: Cleaning log __consumer_offsets-12 (cleaning prior to Mon Jan 20 12:18:19 IST 2020, discarding tombstones prior to Thu Jan 01 05:30:00 IST 1970)... (kafka.log.LogCleaner)
[2020-01-27 15:45:31,852] INFO Cleaner 0: Beginning cleaning of log __consumer_offsets-12. (kafka.log.LogCleaner)
[2020-01-27 15:45:31,852] INFO Cleaner 0: Building offset map for __consumer_offsets-12... (kafka.log.LogCleaner)
[2020-01-27 15:45:31,868] INFO Cleaner 0: Building offset map for log __consumer_offsets-12 for 1 segments in offset range [0, 152). (kafka.log.LogCleaner)
[2020-01-27 15:45:31,868] INFO Cleaner 0: Offset map for log __consumer_offsets-12 complete. (kafka.log.LogCleaner)
[2020-01-27 15:45:31,884] INFO Cleaner 0: Cleaning log __consumer_offsets-12 (cleaning prior to Mon Jan 20 12:18:19 IST 2020, discarding tombstones prior to Thu Jan 01 05:30:00 IST 1970)... (kafka.log.LogCleaner)
[2020-01-27 15:45:31,946] INFO Cleaner 0: Beginning cleaning of log __consumer_offsets-12. (kafka.log.LogCleaner)
[2020-01-27 15:45:31,946] INFO Cleaner 0: Building offset map for __consumer_offsets-12... (kafka.log.LogCleaner)
[2020-01-27 15:45:31,977] INFO Cleaner 0: Building offset map for log __consumer_offsets-12 for 1 segments in offset range [0, 152). (kafka.log.LogCleaner)
[2020-01-27 15:45:31,977] INFO Cleaner 0: Offset map for log __consumer_offsets-12 complete. (kafka.log.LogCleaner)
[2020-01-27 15:45:31,977] INFO Cleaner 0: Cleaning log __consumer_offsets-12 (cleaning prior to Mon Jan 20 12:18:19 IST 2020, discarding tombstones prior to Thu Jan 01 05:30:00 IST 1970)... (kafka.log.LogCleaner)
[2020-01-27 15:45:32,071] INFO Cleaner 0: Beginning cleaning of log __consumer_offsets-12. (kafka.log.LogCleaner)
[2020-01-27 15:45:32,071] INFO Cleaner 0: Building offset map for __consumer_offsets-12... (kafka.log.LogCleaner)
[2020-01-27 15:45:32,102] INFO Cleaner 0: Building offset map for log __consumer_offsets-12 for 1 segments in offset range [0, 152). (kafka.log.LogCleaner)
[2020-01-27 15:45:32,102] INFO Cleaner 0: Offset map for log __consumer_offsets-12 complete. (kafka.log.LogCleaner)
[2020-01-27 15:45:32,102] INFO Cleaner 0: Cleaning log __consumer_offsets-12 (cleaning prior to Mon Jan 20 12:18:19 IST 2020, discarding tombstones prior to Thu Jan 01 05:30:00 IST 1970)... (kafka.log.LogCleaner)
[2020-01-27 15:45:32,281] INFO Cleaner 0: Beginning cleaning of log __consumer_offsets-12. (kafka.log.LogCleaner)
[2020-01-27 15:45:32,281] INFO Cleaner 0: Building offset map for __consumer_offsets-12... (kafka.log.LogCleaner)
[2020-01-27 15:45:32,304] INFO Cleaner 0: Building offset map for log __consumer_offsets-12 for 1 segments in offset range [0, 152). (kafka.log.LogCleaner)
[2020-01-27 15:45:32,306] INFO Cleaner 0: Offset map for log __consumer_offsets-12 complete. (kafka.log.LogCleaner)
[2020-01-27 15:45:32,306] INFO Cleaner 0: Cleaning log __consumer_offsets-12 (cleaning prior to Mon Jan 20 12:18:19 IST 2020, discarding tombstones prior to Thu Jan 01 05:30:00 IST 1970)... (kafka.log.LogCleaner)
[2020-01-27 15:45:32,456] INFO Cleaner 0: Beginning cleaning of log __consumer_offsets-12. (kafka.log.LogCleaner)
[2020-01-27 15:45:32,456] INFO Cleaner 0: Building offset map for __consumer_offsets-12... (kafka.log.LogCleaner)
[2020-01-27 15:45:32,489] INFO Cleaner 0: Building offset map for log __consumer_offsets-12 for 1 segments in offset range [0, 152). (kafka.log.LogCleaner)
[2020-01-27 15:45:32,496] INFO Cleaner 0: Offset map for log __consumer_offsets-12 complete. (kafka.log.LogCleaner)
[2020-01-27 15:45:32,497] INFO Cleaner 0: Cleaning log __consumer_offsets-12 (cleaning prior to Mon Jan 20 12:18:19 IST 2020, discarding tombstones prior to Thu Jan 01 05:30:00 IST 1970)... (kafka.log.LogCleaner)
[2020-01-27 15:45:32,583] INFO Cleaner 0: Beginning cleaning of log __consumer_offsets-12. (kafka.log.LogCleaner)
[2020-01-27 15:45:32,583] INFO Cleaner 0: Building offset map for __consumer_offsets-12... (kafka.log.LogCleaner)
[2020-01-27 15:45:32,617] INFO Cleaner 0: Building offset map for log __consumer_offsets-12 for 1 segments in offset range [0, 152). (kafka.log.LogCleaner)
[2020-01-27 15:45:32,619] INFO Cleaner 0: Offset map for log __consumer_offsets-12 complete. (kafka.log.LogCleaner)
[2020-01-27 15:45:32,620] INFO Cleaner 0: Cleaning log __consumer_offsets-12 (cleaning prior to Mon Jan 20 12:18:19 IST 2020, discarding tombstones prior to Thu Jan 01 05:30:00 IST 1970)... (kafka.log.LogCleaner)
[2020-01-27 15:51:02,139] INFO Starting the log cleaner (kafka.log.LogCleaner)
[2020-01-27 15:51:02,224] INFO [kafka-log-cleaner-thread-0]: Starting (kafka.log.LogCleaner)
[2020-01-27 15:51:02,282] INFO Cleaner 0: Beginning cleaning of log __consumer_offsets-12. (kafka.log.LogCleaner)
[2020-01-27 15:51:02,282] INFO Cleaner 0: Building offset map for __consumer_offsets-12... (kafka.log.LogCleaner)
[2020-01-27 15:51:02,312] INFO Cleaner 0: Building offset map for log __consumer_offsets-12 for 1 segments in offset range [0, 152). (kafka.log.LogCleaner)
[2020-01-27 15:51:02,358] INFO Cleaner 0: Offset map for log __consumer_offsets-12 complete. (kafka.log.LogCleaner)
[2020-01-27 15:51:02,364] INFO Cleaner 0: Cleaning log __consumer_offsets-12 (cleaning prior to Mon Jan 20 12:18:19 IST 2020, discarding tombstones prior to Thu Jan 01 05:30:00 IST 1970)... (kafka.log.LogCleaner)
[2020-01-27 15:51:02,372] INFO Cleaner 0: Cleaning LogSegment(baseOffset=0, size=14681, lastModifiedTime=1579502899427, largestTime=1579502899426) in log __consumer_offsets-12 into 0 with deletion horizon 0, retaining deletes. (kafka.log.LogCleaner)
[2020-01-27 15:51:02,511] INFO Cleaner 0: Swapping in cleaned segment LogSegment(baseOffset=0, size=408, lastModifiedTime=1579502899427, largestTime=1579502899426) for segment(s) List(LogSegment(baseOffset=0, size=14681, lastModifiedTime=1579502899427, largestTime=1579502899426)) in log Log(dir=E:\krishna\kafka\kafka_2.12-2.4.0\data\kafka\__consumer_offsets-12, topic=__consumer_offsets, partition=12, highWatermark=0, lastStableOffset=0, logStartOffset=0, logEndOffset=156) (kafka.log.LogCleaner)
[2020-01-27 15:51:02,634] INFO Cleaner 0: Beginning cleaning of log __consumer_offsets-12. (kafka.log.LogCleaner)
[2020-01-27 15:51:02,635] INFO Cleaner 0: Building offset map for __consumer_offsets-12... (kafka.log.LogCleaner)
[2020-01-27 15:51:02,663] INFO Cleaner 0: Building offset map for log __consumer_offsets-12 for 1 segments in offset range [0, 152). (kafka.log.LogCleaner)
[2020-01-27 15:51:02,669] INFO Cleaner 0: Offset map for log __consumer_offsets-12 complete. (kafka.log.LogCleaner)
[2020-01-27 15:51:02,670] INFO Cleaner 0: Cleaning log __consumer_offsets-12 (cleaning prior to Mon Jan 20 12:18:19 IST 2020, discarding tombstones prior to Thu Jan 01 05:30:00 IST 1970)... (kafka.log.LogCleaner)
[2020-01-27 15:51:02,911] INFO Cleaner 0: Beginning cleaning of log __consumer_offsets-12. (kafka.log.LogCleaner)
[2020-01-27 15:51:02,911] INFO Cleaner 0: Building offset map for __consumer_offsets-12... (kafka.log.LogCleaner)
[2020-01-27 15:51:02,934] INFO Cleaner 0: Building offset map for log __consumer_offsets-12 for 1 segments in offset range [0, 152). (kafka.log.LogCleaner)
[2020-01-27 15:51:02,942] INFO Cleaner 0: Offset map for log __consumer_offsets-12 complete. (kafka.log.LogCleaner)
[2020-01-27 15:51:02,942] INFO Cleaner 0: Cleaning log __consumer_offsets-12 (cleaning prior to Mon Jan 20 12:18:19 IST 2020, discarding tombstones prior to Thu Jan 01 05:30:00 IST 1970)... (kafka.log.LogCleaner)
[2020-01-27 15:51:03,035] INFO Cleaner 0: Beginning cleaning of log __consumer_offsets-12. (kafka.log.LogCleaner)
[2020-01-27 15:51:03,035] INFO Cleaner 0: Building offset map for __consumer_offsets-12... (kafka.log.LogCleaner)
[2020-01-27 15:51:03,061] INFO Cleaner 0: Building offset map for log __consumer_offsets-12 for 1 segments in offset range [0, 152). (kafka.log.LogCleaner)
[2020-01-27 15:51:03,072] INFO Cleaner 0: Offset map for log __consumer_offsets-12 complete. (kafka.log.LogCleaner)
[2020-01-27 15:51:03,075] INFO Cleaner 0: Cleaning log __consumer_offsets-12 (cleaning prior to Mon Jan 20 12:18:19 IST 2020, discarding tombstones prior to Thu Jan 01 05:30:00 IST 1970)... (kafka.log.LogCleaner)
[2020-01-27 15:53:05,751] INFO Starting the log cleaner (kafka.log.LogCleaner)
[2020-01-27 15:53:05,829] INFO [kafka-log-cleaner-thread-0]: Starting (kafka.log.LogCleaner)
